Arguments: 
  /usr/local/bin/node /usr/local/Cellar/yarn/1.13.0/libexec/bin/yarn.js init

PATH: 
  /usr/local/bin:/Library/Frameworks/Python.framework/Versions/3.7/bin:/usr/local/bin:/usr/bin:/bin:/usr/sbin:/sbin:/Library/Frameworks/Python.framework/Versions/3.7/bin

Yarn version: 
  1.13.0

Node version: 
  10.15.1

Platform: 
  darwin x64

Trace: 
  Error: canceled
      at Interface.<anonymous> (/usr/local/Cellar/yarn/1.13.0/libexec/lib/cli.js:125657:13)
      at Interface.emit (events.js:189:13)
      at Interface._ttyWrite (readline.js:783:16)
      at ReadStream.onkeypress (readline.js:168:10)
      at ReadStream.emit (events.js:189:13)
      at emitKeys (internal/readline.js:424:14)
      at emitKeys.next (<anonymous>)
      at ReadStream.onData (readline.js:1022:36)
      at ReadStream.emit (events.js:189:13)
      at addChunk (_stream_readable.js:284:12)

npm manifest: 
  {
    "name": "boilerplate-react",
    "version": "1.0.4",
    "main": "index.js",
    "author": "Lisbel Cruz <lcruztaveras@gmail.com>",
    "license": "MIT",
    "engines": {
      "node": "8.12.0"
    },
    "scripts": {
      "server": "live-server public",
      "build:dev": "webpack",
      "build:prod": "webpack -p --env production",
      "dev-server": "webpack-dev-server"
    },
    "dependencies": {
      "babel-cli": "6.24.1",
      "babel-core": "^6.26.0",
      "babel-loader": "^7.1.4",
      "babel-plugin-transform-class-properties": "6.24.1",
      "babel-polyfill": "^6.26.0",
      "babel-preset-env": "1.5.2",
      "babel-preset-es2015": "^6.24.1",
      "babel-preset-react": "6.24.1",
      "babel-preset-stage-0": "^6.24.1",
      "css-loader": "0.28.4",
      "eslint": "4.9.0",
      "eslint-config-airbnb": "16.1.0",
      "eslint-plugin-import": "2.7.0",
      "eslint-plugin-jsx-a11y": "6.0.1",
      "eslint-plugin-react": "7.4.0",
      "extract-text-webpack-plugin": "3.0.0",
      "file-loader": "^1.1.11",
      "live-server": "^1.2.0",
      "node-sass": "^4.9.0",
      "normalize.css": "7.0.0",
      "prop-types": "^15.6.1",
      "react": "^16.4.0",
      "react-dom": "^16.4.0",
      "react-router-dom": "4.2.2",
      "react-transition-group": "^2.3.0",
      "sass-loader": "6.0.6",
      "style-loader": "0.18.2",
      "url-loader": "^1.0.1",
      "webpack": "^3.12.0",
      "webpack-cli": "^3.2.3",
      "webpack-dev-server": "2.9.1"
    }
  }

yarn manifest: 
  No manifest

Lockfile: 
  No lockfile
